<?xml version="1.0" encoding="UTF-8"?>
<!-- Generated by org.testng.reporters.JUnitXMLReporter -->
<testsuite ignored="1" hostname="MS" failures="0" tests="4" name="AdditionalTest" time="0.067" errors="0" timestamp="2024-01-11T00:53:32 IST">
  <testcase classname="practise.ClassFour" name="ClassFourLogin" time="0.012"/>
  <testcase classname="practise.ClassFour" name="ClassFourSignUp" time="0.01"/>
  <testcase classname="practise.ClassFour" name="ClassFourAddUser" time="0.004"/>
  <testcase classname="practise.ClassFour" name="ClassFourLogout" time="0.004"/>
  <testcase classname="practise.ClassFour" name="ClassFourEditUser" time="0.0">
    <ignored/>
  </testcase> <!-- ClassFourEditUser -->
</testsuite> <!-- AdditionalTest -->
