<?xml version="1.0" encoding="UTF-8"?>
<!-- Generated by org.testng.reporters.JUnitXMLReporter -->
<testsuite ignored="9" hostname="MS" failures="0" tests="3" name="SmokeCases" time="0.141" errors="0" timestamp="2024-01-11T00:53:32 IST">
  <testcase classname="practise.ClassOne" name="TestCaseFour" time="0.016"/>
  <testcase classname="practise.ClassTwo" name="StudentLogOut" time="0.007"/>
  <testcase classname="practise.ClassThree" name="LogOut" time="0.004"/>
  <testcase classname="practise.ClassTwo" name="Login" time="0.0">
    <ignored/>
  </testcase> <!-- Login -->
  <testcase classname="practise.ClassTwo" name="StudentSignUp" time="0.0">
    <ignored/>
  </testcase> <!-- StudentSignUp -->
  <testcase classname="practise.ClassThree" name="StaffLogin" time="0.0">
    <ignored/>
  </testcase> <!-- StaffLogin -->
  <testcase classname="practise.ClassOne" name="TestCaseThree" time="0.0">
    <ignored/>
  </testcase> <!-- TestCaseThree -->
  <testcase classname="practise.ClassTwo" name="StudentLogin" time="0.0">
    <ignored/>
  </testcase> <!-- StudentLogin -->
  <testcase classname="practise.ClassOne" name="TestCaseTwo" time="0.0">
    <ignored/>
  </testcase> <!-- TestCaseTwo -->
  <testcase classname="practise.ClassThree" name="StaffSignUp" time="0.0">
    <ignored/>
  </testcase> <!-- StaffSignUp -->
  <testcase classname="practise.ClassThree" name="Login" time="0.0">
    <ignored/>
  </testcase> <!-- Login -->
  <testcase classname="practise.ClassOne" name="TestCaseOne" time="0.0">
    <ignored/>
  </testcase> <!-- TestCaseOne -->
</testsuite> <!-- SmokeCases -->
