<?xml version="1.0" encoding="UTF-8"?>
<!-- Generated by org.testng.reporters.JUnitXMLReporter -->
<testsuite ignored="0" hostname="MS" failures="0" tests="8" name="Test" time="0.229" errors="0" timestamp="2024-01-11T01:56:23 IST">
  <testcase classname="practise.ClassOne" name="TestCaseFour" time="0.01"/>
  <testcase classname="practise.ClassOne" name="TestCaseOne" time="0.014"/>
  <testcase classname="practise.ClassOne" name="TestCaseThree" time="0.004"/>
  <testcase classname="practise.ClassOne" name="TestCaseTwo" time="0.006"/>
  <testcase classname="practise.ClassThree" name="LogOut" time="0.012"/>
  <testcase classname="practise.ClassThree" name="Login" time="0.004"/>
  <testcase classname="practise.ClassThree" name="StaffLogin" time="0.003"/>
  <testcase classname="practise.ClassThree" name="StaffSignUp" time="0.004"/>
</testsuite> <!-- Test -->
