<?xml version="1.0" encoding="UTF-8"?>
<!-- Generated by org.testng.reporters.JUnitXMLReporter -->
<testsuite ignored="0" hostname="MS" failures="0" tests="4" name="testingMethods" time="0.036" errors="0" timestamp="2024-01-11T01:56:23 IST">
  <testcase classname="practise.ClassTwo" name="Login" time="0.002"/>
  <testcase classname="practise.ClassTwo" name="StudentLogOut" time="0.002"/>
  <testcase classname="practise.ClassTwo" name="StudentLogin" time="0.003"/>
  <testcase classname="practise.ClassTwo" name="StudentSignUp" time="0.001"/>
</testsuite> <!-- testingMethods -->
