<?xml version="1.0" encoding="UTF-8"?>
<testng-results ignored="0" total="1" passed="1" failed="0" skipped="0">
  <reporter-output>
  </reporter-output>
  <suite started-at="2024-01-11T15:15:53 IST" name="Default suite" finished-at="2024-01-11T15:15:53 IST" duration-ms="100">
    <groups>
    </groups>
    <test started-at="2024-01-11T15:15:53 IST" name="Default test" finished-at="2024-01-11T15:15:53 IST" duration-ms="100">
      <class name="inheritanceConcept.ChildClass">
        <test-method is-config="true" signature="BeforeMethod()[pri:0, instance:inheritanceConcept.ChildClass@48f278eb]" started-at="2024-01-11T15:15:53 IST" name="BeforeMethod" finished-at="2024-01-11T15:15:53 IST" duration-ms="13" status="PASS">
          <reporter-output>
          </reporter-output>
        </test-method> <!-- BeforeMethod -->
        <test-method signature="RunTest()[pri:0, instance:inheritanceConcept.ChildClass@48f278eb]" started-at="2024-01-11T15:15:53 IST" name="RunTest" finished-at="2024-01-11T15:15:53 IST" duration-ms="13" status="PASS">
          <reporter-output>
          </reporter-output>
        </test-method> <!-- RunTest -->
      </class> <!-- inheritanceConcept.ChildClass -->
    </test> <!-- Default test -->
  </suite> <!-- Default suite -->
</testng-results>
